# JRE version: OpenJDK Runtime Environment (8.0_242-b01) (build 1.8.0_242-release-1644-b01)
# Java VM: OpenJDK 64-Bit Server VM (25.242-b01 mixed mode windows-amd64 compressed oops)
Heap:
 PSYoungGen      total 509952K, used 223943K [0x00000000d5580000, 0x0000000100000000, 0x0000000100000000)
  eden space 331776K, 57% used [0x00000000d5580000,0x00000000e0e5afc0,0x00000000e9980000)
  from space 178176K, 19% used [0x00000000f3f80000,0x00000000f6156ca0,0x00000000fed80000)
  to   space 169984K, 0% used [0x00000000e9980000,0x00000000e9980000,0x00000000f3f80000)
 ParOldGen       total 439808K, used 235557K [0x0000000080000000, 0x000000009ad80000, 0x00000000d5580000)
  object space 439808K, 53% used [0x0000000080000000,0x000000008e6096e0,0x000000009ad80000)
 Metaspace       used 98117K, capacity 106110K, committed 106136K, reserved 1140736K
  class space    used 12680K, capacity 13990K, committed 14000K, reserved 1048576K
GC Heap History (10 events):
Event: 24007.592 GC heap before
{Heap before GC invocations=63 (full 12):
 PSYoungGen      total 500224K, used 359876K [0x00000000d5580000, 0x00000000ff100000, 0x0000000100000000)
  eden space 334336K, 100% used [0x00000000d5580000,0x00000000e9c00000,0x00000000e9c00000)
  from space 165888K, 15% used [0x00000000f4f00000,0x00000000f67f1388,0x00000000ff100000)
  to   space 174592K, 0% used [0x00000000e9c00000,0x00000000e9c00000,0x00000000f4680000)
 ParOldGen       total 283648K, used 125561K [0x0000000080000000, 0x0000000091500000, 0x00000000d5580000)
  object space 283648K, 44% used [0x0000000080000000,0x0000000087a9e7e8,0x0000000091500000)
 Metaspace       used 97720K, capacity 105676K, committed 105880K, reserved 1140736K
  class space    used 12634K, capacity 13953K, committed 14000K, reserved 1048576K
Event: 24027.450 GC heap after
Heap after GC invocations=63 (full 12):
 PSYoungGen      total 473600K, used 139228K [0x00000000d5580000, 0x0000000100000000, 0x0000000100000000)
  eden space 334336K, 0% used [0x00000000d5580000,0x00000000d5580000,0x00000000e9c00000)
  from space 139264K, 99% used [0x00000000e9c00000,0x00000000f23f7350,0x00000000f2400000)
  to   space 194048K, 0% used [0x00000000f4280000,0x00000000f4280000,0x0000000100000000)
 ParOldGen       total 283648K, used 134998K [0x0000000080000000, 0x0000000091500000, 0x00000000d5580000)
  object space 283648K, 47% used [0x0000000080000000,0x00000000883d5af0,0x0000000091500000)
 Metaspace       used 97720K, capacity 105676K, committed 105880K, reserved 1140736K
  class space    used 12634K, capacity 13953K, committed 14000K, reserved 1048576K
}
Event: 24031.134 GC heap before
{Heap before GC invocations=64 (full 12):
 PSYoungGen      total 473600K, used 473564K [0x00000000d5580000, 0x0000000100000000, 0x0000000100000000)
  eden space 334336K, 100% used [0x00000000d5580000,0x00000000e9c00000,0x00000000e9c00000)
  from space 139264K, 99% used [0x00000000e9c00000,0x00000000f23f7350,0x00000000f2400000)
  to   space 194048K, 0% used [0x00000000f4280000,0x00000000f4280000,0x0000000100000000)
 ParOldGen       total 283648K, used 134998K [0x0000000080000000, 0x0000000091500000, 0x00000000d5580000)
  object space 283648K, 47% used [0x0000000080000000,0x00000000883d5af0,0x0000000091500000)
 Metaspace       used 97735K, capacity 105676K, committed 105880K, reserved 1140736K
  class space    used 12634K, capacity 13953K, committed 14000K, reserved 1048576K
Event: 24045.619 GC heap after
Heap after GC invocations=64 (full 12):
 PSYoungGen      total 517632K, used 61906K [0x00000000d5580000, 0x0000000100000000, 0x0000000100000000)
  eden space 323584K, 0% used [0x00000000d5580000,0x00000000d5580000,0x00000000e9180000)
  from space 194048K, 31% used [0x00000000f4280000,0x00000000f7ef4978,0x0000000100000000)
  to   space 181248K, 0% used [0x00000000e9180000,0x00000000e9180000,0x00000000f4280000)
 ParOldGen       total 283648K, used 247242K [0x0000000080000000, 0x0000000091500000, 0x00000000d5580000)
  object space 283648K, 87% used [0x0000000080000000,0x000000008f172ae0,0x0000000091500000)
 Metaspace       used 97735K, capacity 105676K, committed 105880K, reserved 1140736K
  class space    used 12634K, capacity 13953K, committed 14000K, reserved 1048576K
}
Event: 24045.619 GC heap before
{Heap before GC invocations=65 (full 13):
 PSYoungGen      total 517632K, used 61906K [0x00000000d5580000, 0x0000000100000000, 0x0000000100000000)
  eden space 323584K, 0% used [0x00000000d5580000,0x00000000d5580000,0x00000000e9180000)
  from space 194048K, 31% used [0x00000000f4280000,0x00000000f7ef4978,0x0000000100000000)
  to   space 181248K, 0% used [0x00000000e9180000,0x00000000e9180000,0x00000000f4280000)
 ParOldGen       total 283648K, used 247242K [0x0000000080000000, 0x0000000091500000, 0x00000000d5580000)
  object space 283648K, 87% used [0x0000000080000000,0x000000008f172ae0,0x0000000091500000)
 Metaspace       used 97735K, capacity 105676K, committed 105880K, reserved 1140736K
  class space    used 12634K, capacity 13953K, committed 14000K, reserved 1048576K
Event: 24093.009 GC heap after
Heap after GC invocations=65 (full 13):
 PSYoungGen      total 517632K, used 0K [0x00000000d5580000, 0x0000000100000000, 0x0000000100000000)
  eden space 323584K, 0% used [0x00000000d5580000,0x00000000d5580000,0x00000000e9180000)
  from space 194048K, 0% used [0x00000000f4280000,0x00000000f4280000,0x0000000100000000)
  to   space 181248K, 0% used [0x00000000e9180000,0x00000000e9180000,0x00000000f4280000)
 ParOldGen       total 439808K, used 232689K [0x0000000080000000, 0x000000009ad80000, 0x00000000d5580000)
  object space 439808K, 52% used [0x0000000080000000,0x000000008e33c410,0x000000009ad80000)
 Metaspace       used 97735K, capacity 105676K, committed 105880K, reserved 1140736K
  class space    used 12634K, capacity 13953K, committed 14000K, reserved 1048576K
}
Event: 24110.010 GC heap before
{Heap before GC invocations=66 (full 13):
 PSYoungGen      total 517632K, used 323584K [0x00000000d5580000, 0x0000000100000000, 0x0000000100000000)
  eden space 323584K, 100% used [0x00000000d5580000,0x00000000e9180000,0x00000000e9180000)
  from space 194048K, 0% used [0x00000000f4280000,0x00000000f4280000,0x0000000100000000)
  to   space 181248K, 0% used [0x00000000e9180000,0x00000000e9180000,0x00000000f4280000)
 ParOldGen       total 439808K, used 232689K [0x0000000080000000, 0x000000009ad80000, 0x00000000d5580000)
  object space 439808K, 52% used [0x0000000080000000,0x000000008e33c410,0x000000009ad80000)
 Metaspace       used 97750K, capacity 105686K, committed 105880K, reserved 1140736K
  class space    used 12634K, capacity 13954K, committed 14000K, reserved 1048576K
Event: 24110.278 GC heap after
Heap after GC invocations=66 (full 13):
 PSYoungGen      total 335872K, used 12008K [0x00000000d5580000, 0x00000000fed80000, 0x0000000100000000)
  eden space 323584K, 0% used [0x00000000d5580000,0x00000000d5580000,0x00000000e9180000)
  from space 12288K, 97% used [0x00000000e9180000,0x00000000e9d3a2a8,0x00000000e9d80000)
  to   space 178176K, 0% used [0x00000000f3f80000,0x00000000f3f80000,0x00000000fed80000)
 ParOldGen       total 439808K, used 232689K [0x0000000080000000, 0x000000009ad80000, 0x00000000d5580000)
  object space 439808K, 52% used [0x0000000080000000,0x000000008e33c410,0x000000009ad80000)
 Metaspace       used 97750K, capacity 105686K, committed 105880K, reserved 1140736K
  class space    used 12634K, capacity 13954K, committed 14000K, reserved 1048576K
}
Event: 27773.708 GC heap before
{Heap before GC invocations=67 (full 13):
 PSYoungGen      total 335872K, used 335592K [0x00000000d5580000, 0x00000000fed80000, 0x0000000100000000)
  eden space 323584K, 100% used [0x00000000d5580000,0x00000000e9180000,0x00000000e9180000)
  from space 12288K, 97% used [0x00000000e9180000,0x00000000e9d3a2a8,0x00000000e9d80000)
  to   space 178176K, 0% used [0x00000000f3f80000,0x00000000f3f80000,0x00000000fed80000)
 ParOldGen       total 439808K, used 232689K [0x0000000080000000, 0x000000009ad80000, 0x00000000d5580000)
  object space 439808K, 52% used [0x0000000080000000,0x000000008e33c410,0x000000009ad80000)
 Metaspace       used 98086K, capacity 106078K, committed 106136K, reserved 1140736K
  class space    used 12676K, capacity 13984K, committed 14000K, reserved 1048576K
Event: 27774.980 GC heap after
Heap after GC invocations=67 (full 13):
 PSYoungGen      total 509952K, used 34651K [0x00000000d5580000, 0x0000000100000000, 0x0000000100000000)
  eden space 331776K, 0% used [0x00000000d5580000,0x00000000d5580000,0x00000000e9980000)
  from space 178176K, 19% used [0x00000000f3f80000,0x00000000f6156ca0,0x00000000fed80000)
  to   space 169984K, 0% used [0x00000000e9980000,0x00000000e9980000,0x00000000f3f80000)
 ParOldGen       total 439808K, used 235557K [0x0000000080000000, 0x000000009ad80000, 0x00000000d5580000)
  object space 439808K, 53% used [0x0000000080000000,0x000000008e6096e0,0x000000009ad80000)
 Metaspace       used 98086K, capacity 106078K, committed 106136K, reserved 1140736K
  class space    used 12676K, capacity 13984K, committed 14000K, reserved 1048576K
}

